# JRE version: Java(TM) SE Runtime Environment (8.0_112-b15) (build 1.8.0_112-b15)
# Java VM: Java HotSpot(TM) 64-Bit Server VM (25.112-b15 mixed mode windows-amd64 compressed oops)
Heap:
 PSYoungGen      total 55296K, used 33422K [0x00000007bc400000, 0x00000007c0000000, 0x00000007c0000000)
  eden space 51200K, 57% used [0x00000007bc400000,0x00000007be0a61d0,0x00000007bf600000)
  from space 4096K, 99% used [0x00000007bfc00000,0x00000007bfffd850,0x00000007c0000000)
  to   space 5120K, 0% used [0x00000007bf600000,0x00000007bf600000,0x00000007bfb00000)
 ParOldGen       total 163840K, used 78020K [0x0000000700000000, 0x000000070a000000, 0x00000007bc400000)
  object space 163840K, 47% used [0x0000000700000000,0x0000000704c31280,0x000000070a000000)
 Metaspace       used 77666K, capacity 78449K, committed 79104K, reserved 1118208K
  class space    used 10565K, capacity 10719K, committed 10752K, reserved 1048576K
GC Heap History (10 events):
Event: 11528.105 GC heap before
{Heap before GC invocations=638 (full 140):
 PSYoungGen      total 57856K, used 57846K [0x00000007bc400000, 0x00000007c0000000, 0x00000007c0000000)
  eden space 54784K, 100% used [0x00000007bc400000,0x00000007bf980000,0x00000007bf980000)
  from space 3072K, 99% used [0x00000007bfa00000,0x00000007bfcfd850,0x00000007bfd00000)
  to   space 3072K, 0% used [0x00000007bfd00000,0x00000007bfd00000,0x00000007c0000000)
 ParOldGen       total 163840K, used 77348K [0x0000000700000000, 0x000000070a000000, 0x00000007bc400000)
  object space 163840K, 47% used [0x0000000700000000,0x0000000704b89260,0x000000070a000000)
 Metaspace       used 77563K, capacity 78301K, committed 79104K, reserved 1118208K
  class space    used 10554K, capacity 10715K, committed 10752K, reserved 1048576K
Event: 11528.118 GC heap after
Heap after GC invocations=638 (full 140):
 PSYoungGen      total 57344K, used 2902K [0x00000007bc400000, 0x00000007c0000000, 0x00000007c0000000)
  eden space 54272K, 0% used [0x00000007bc400000,0x00000007bc400000,0x00000007bf900000)
  from space 3072K, 94% used [0x00000007bfd00000,0x00000007bffd5850,0x00000007c0000000)
  to   space 3584K, 0% used [0x00000007bf900000,0x00000007bf900000,0x00000007bfc80000)
 ParOldGen       total 163840K, used 77348K [0x0000000700000000, 0x000000070a000000, 0x00000007bc400000)
  object space 163840K, 47% used [0x0000000700000000,0x0000000704b89260,0x000000070a000000)
 Metaspace       used 77563K, capacity 78301K, committed 79104K, reserved 1118208K
  class space    used 10554K, capacity 10715K, committed 10752K, reserved 1048576K
}
Event: 11530.400 GC heap before
{Heap before GC invocations=639 (full 140):
 PSYoungGen      total 57344K, used 57174K [0x00000007bc400000, 0x00000007c0000000, 0x00000007c0000000)
  eden space 54272K, 100% used [0x00000007bc400000,0x00000007bf900000,0x00000007bf900000)
  from space 3072K, 94% used [0x00000007bfd00000,0x00000007bffd5850,0x00000007c0000000)
  to   space 3584K, 0% used [0x00000007bf900000,0x00000007bf900000,0x00000007bfc80000)
 ParOldGen       total 163840K, used 77348K [0x0000000700000000, 0x000000070a000000, 0x00000007bc400000)
  object space 163840K, 47% used [0x0000000700000000,0x0000000704b89260,0x000000070a000000)
 Metaspace       used 77563K, capacity 78301K, committed 79104K, reserved 1118208K
  class space    used 10554K, capacity 10715K, committed 10752K, reserved 1048576K
Event: 11530.409 GC heap after
Heap after GC invocations=639 (full 140):
 PSYoungGen      total 57856K, used 2806K [0x00000007bc400000, 0x00000007c0000000, 0x00000007c0000000)
  eden space 54272K, 0% used [0x00000007bc400000,0x00000007bc400000,0x00000007bf900000)
  from space 3584K, 78% used [0x00000007bf900000,0x00000007bfbbd850,0x00000007bfc80000)
  to   space 3584K, 0% used [0x00000007bfc80000,0x00000007bfc80000,0x00000007c0000000)
 ParOldGen       total 163840K, used 77348K [0x0000000700000000, 0x000000070a000000, 0x00000007bc400000)
  object space 163840K, 47% used [0x0000000700000000,0x0000000704b89260,0x000000070a000000)
 Metaspace       used 77563K, capacity 78301K, committed 79104K, reserved 1118208K
  class space    used 10554K, capacity 10715K, committed 10752K, reserved 1048576K
}
Event: 11530.993 GC heap before
{Heap before GC invocations=640 (full 140):
 PSYoungGen      total 57856K, used 57078K [0x00000007bc400000, 0x00000007c0000000, 0x00000007c0000000)
  eden space 54272K, 100% used [0x00000007bc400000,0x00000007bf900000,0x00000007bf900000)
  from space 3584K, 78% used [0x00000007bf900000,0x00000007bfbbd850,0x00000007bfc80000)
  to   space 3584K, 0% used [0x00000007bfc80000,0x00000007bfc80000,0x00000007c0000000)
 ParOldGen       total 163840K, used 77348K [0x0000000700000000, 0x000000070a000000, 0x00000007bc400000)
  object space 163840K, 47% used [0x0000000700000000,0x0000000704b89260,0x000000070a000000)
 Metaspace       used 77564K, capacity 78301K, committed 79104K, reserved 1118208K
  class space    used 10554K, capacity 10715K, committed 10752K, reserved 1048576K
Event: 11531.003 GC heap after
Heap after GC invocations=640 (full 140):
 PSYoungGen      total 56832K, used 3190K [0x00000007bc400000, 0x00000007c0000000, 0x00000007c0000000)
  eden space 53248K, 0% used [0x00000007bc400000,0x00000007bc400000,0x00000007bf800000)
  from space 3584K, 89% used [0x00000007bfc80000,0x00000007bff9d850,0x00000007c0000000)
  to   space 4096K, 0% used [0x00000007bf800000,0x00000007bf800000,0x00000007bfc00000)
 ParOldGen       total 163840K, used 77348K [0x0000000700000000, 0x000000070a000000, 0x00000007bc400000)
  object space 163840K, 47% used [0x0000000700000000,0x0000000704b89260,0x000000070a000000)
 Metaspace       used 77564K, capacity 78301K, committed 79104K, reserved 1118208K
  class space    used 10554K, capacity 10715K, committed 10752K, reserved 1048576K
}
Event: 11531.852 GC heap before
{Heap before GC invocations=641 (full 140):
 PSYoungGen      total 56832K, used 56438K [0x00000007bc400000, 0x00000007c0000000, 0x00000007c0000000)
  eden space 53248K, 100% used [0x00000007bc400000,0x00000007bf800000,0x00000007bf800000)
  from space 3584K, 89% used [0x00000007bfc80000,0x00000007bff9d850,0x00000007c0000000)
  to   space 4096K, 0% used [0x00000007bf800000,0x00000007bf800000,0x00000007bfc00000)
 ParOldGen       total 163840K, used 77348K [0x0000000700000000, 0x000000070a000000, 0x00000007bc400000)
  object space 163840K, 47% used [0x0000000700000000,0x0000000704b89260,0x000000070a000000)
 Metaspace       used 77566K, capacity 78301K, committed 79104K, reserved 1118208K
  class space    used 10554K, capacity 10715K, committed 10752K, reserved 1048576K
Event: 11531.865 GC heap after
Heap after GC invocations=641 (full 140):
 PSYoungGen      total 56832K, used 3655K [0x00000007bc400000, 0x00000007c0000000, 0x00000007c0000000)
  eden space 52736K, 0% used [0x00000007bc400000,0x00000007bc400000,0x00000007bf780000)
  from space 4096K, 89% used [0x00000007bf800000,0x00000007bfb91f18,0x00000007bfc00000)
  to   space 4096K, 0% used [0x00000007bfc00000,0x00000007bfc00000,0x00000007c0000000)
 ParOldGen       total 163840K, used 77500K [0x0000000700000000, 0x000000070a000000, 0x00000007bc400000)
  object space 163840K, 47% used [0x0000000700000000,0x0000000704baf280,0x000000070a000000)
 Metaspace       used 77566K, capacity 78301K, committed 79104K, reserved 1118208K
  class space    used 10554K, capacity 10715K, committed 10752K, reserved 1048576K
}
Event: 11539.333 GC heap before
{Heap before GC invocations=642 (full 140):
 PSYoungGen      total 56832K, used 56391K [0x00000007bc400000, 0x00000007c0000000, 0x00000007c0000000)
  eden space 52736K, 100% used [0x00000007bc400000,0x00000007bf780000,0x00000007bf780000)
  from space 4096K, 89% used [0x00000007bf800000,0x00000007bfb91f18,0x00000007bfc00000)
  to   space 4096K, 0% used [0x00000007bfc00000,0x00000007bfc00000,0x00000007c0000000)
 ParOldGen       total 163840K, used 77500K [0x0000000700000000, 0x000000070a000000, 0x00000007bc400000)
  object space 163840K, 47% used [0x0000000700000000,0x0000000704baf280,0x000000070a000000)
 Metaspace       used 77591K, capacity 78307K, committed 79104K, reserved 1118208K
  class space    used 10562K, capacity 10716K, committed 10752K, reserved 1048576K
Event: 11539.352 GC heap after
Heap after GC invocations=642 (full 140):
 PSYoungGen      total 55296K, used 4086K [0x00000007bc400000, 0x00000007c0000000, 0x00000007c0000000)
  eden space 51200K, 0% used [0x00000007bc400000,0x00000007bc400000,0x00000007bf600000)
  from space 4096K, 99% used [0x00000007bfc00000,0x00000007bfffd850,0x00000007c0000000)
  to   space 5120K, 0% used [0x00000007bf600000,0x00000007bf600000,0x00000007bfb00000)
 ParOldGen       total 163840K, used 78020K [0x0000000700000000, 0x000000070a000000, 0x00000007bc400000)
  object space 163840K, 47% used [0x0000000700000000,0x0000000704c31280,0x000000070a000000)
 Metaspace       used 77591K, capacity 78307K, committed 79104K, reserved 1118208K
  class space    used 10562K, capacity 10716K, committed 10752K, reserved 1048576K
}

